<?xml version="1.0" encoding="UTF-8"?>
<testsuite name="org.hyperskill.tests.stopwatch.Stage4UnitTest" tests="7" skipped="0" failures="0" errors="0" timestamp="2023-04-02T14:01:25" hostname="MacBook-Pro-Ahmet.local" time="0.343">
  <properties/>
  <testcase name="test1_ShouldCheckSettingsButtonExist" classname="org.hyperskill.tests.stopwatch.Stage4UnitTest" time="0.032"/>
  <testcase name="test2_ShouldCheckSettingsButtonEnable" classname="org.hyperskill.tests.stopwatch.Stage4UnitTest" time="0.034"/>
  <testcase name="test3_ShouldShowAlertDialogOnSettingsButtonClick" classname="org.hyperskill.tests.stopwatch.Stage4UnitTest" time="0.055"/>
  <testcase name="test4_DialogButtonsShouldContainText" classname="org.hyperskill.tests.stopwatch.Stage4UnitTest" time="0.052"/>
  <testcase name="test5_ShouldCheckLimitIsNotSetOnCancel" classname="org.hyperskill.tests.stopwatch.Stage4UnitTest" time="0.055"/>
  <testcase name="test6_ShouldCheckLimitIsSetOnOk" classname="org.hyperskill.tests.stopwatch.Stage4UnitTest" time="0.054"/>
  <testcase name="test7_ShouldCheckColorsOnRestart" classname="org.hyperskill.tests.stopwatch.Stage4UnitTest" time="0.061"/>
  <system-out><![CDATA[]]></system-out>
  <system-err><![CDATA[]]></system-err>
</testsuite>
