<?xml version="1.0" encoding="UTF-8"?>
<testsuite name="org.hyperskill.tests.stopwatch.Stage3UnitTest" tests="6" skipped="0" failures="0" errors="0" timestamp="2023-04-02T14:01:24" hostname="MacBook-Pro-Ahmet.local" time="0.223">
  <properties/>
  <testcase name="checkProgressBarInvisibilityOnReset" classname="org.hyperskill.tests.stopwatch.Stage3UnitTest" time="0.034"/>
  <testcase name="checkProgressBarInvisibilityOnInit" classname="org.hyperskill.tests.stopwatch.Stage3UnitTest" time="0.035"/>
  <testcase name="checkProgressBarVisibilityOnStart" classname="org.hyperskill.tests.stopwatch.Stage3UnitTest" time="0.041"/>
  <testcase name="checkMultipleClicks" classname="org.hyperskill.tests.stopwatch.Stage3UnitTest" time="0.04"/>
  <testcase name="checkProgressBarExists" classname="org.hyperskill.tests.stopwatch.Stage3UnitTest" time="0.03"/>
  <testcase name="checkProgressBarColorEachSecond" classname="org.hyperskill.tests.stopwatch.Stage3UnitTest" time="0.042"/>
  <system-out><![CDATA[]]></system-out>
  <system-err><![CDATA[]]></system-err>
</testsuite>
